<?xml version="1.0" encoding="UTF-8"?>
<!-- Generated by org.testng.reporters.JUnitReportReporter -->
<testsuite hostname="DESKTOP-R522EC9" failures="0" tests="2" name="com.testng.Annotations123Test" time="0.007" errors="0" timestamp="30 Jun 2021 08:38:03 GMT" skipped="0">
  <testcase classname="com.testng.Annotations123Test" name="testB" time="0.003"/>
  <testcase classname="com.testng.Annotations123Test" name="testA" time="0.004"/>
</testsuite> <!-- com.testng.Annotations123Test -->
