<?xml version="1.0" encoding="UTF-8"?>
<!-- Generated by org.testng.reporters.JUnitReportReporter -->
<testsuite hostname="DESKTOP-E3LTO4H" failures="0" tests="1" name="com.testng.AnnotationsTest" time="0.014" errors="0" timestamp="2020-12-28T11:59:56 PST" skipped="0">
  <testcase classname="com.testng.AnnotationsTest" name="f" time="0.014"/>
  <system-out/>
</testsuite> <!-- com.testng.AnnotationsTest -->
